


          SolidWorks Corporation - STEP Processor Error Log
          ______________________________________________________

                       STEP Post Processor
                       ___________________


STEP File Name: C:\Users\melih\Google Drive\MKBot\SW\mkbot_sw_carkit\Arduino MEGA 2560 R3.stp


Yüzeyler baþarýyla bir katý gövdeye iþlendi.
STEP-in tamamlandý.Yüzeyler baþarýyla bir katý gövdeye iþlendi.
STEP-in tamamlandý.Yüzeyler baþarýyla bir katý gövdeye iþlendi.
STEP-in tamamlandý.Yüzeyler baþarýyla bir katý gövdeye iþlendi.
STEP-in tamamlandý.Yüzeyler baþarýyla bir katý gövdeye iþlendi.
STEP-in tamamlandý.Yüzeyler baþarýyla bir katý gövdeye iþlendi.
STEP-in tamamlandý.Yüzeyler baþarýyla bir katý gövdeye iþlendi.
STEP-in tamamlandý.Yüzeyler baþarýyla bir katý gövdeye iþlendi.
STEP-in tamamlandý.Yüzeyler baþarýyla bir katý gövdeye iþlendi.
STEP-in tamamlandý.Yüzeyler baþarýyla bir katý gövdeye iþlendi.
STEP-in tamamlandý.Yüzeyler baþarýyla bir katý gövdeye iþlendi.
STEP-in tamamlandý.Yüzeyler baþarýyla bir katý gövdeye iþlendi.
STEP-in tamamlandý.Yüzeyler baþarýyla bir katý gövdeye iþlendi.
STEP-in tamamlandý.Yüzeyler baþarýyla bir katý gövdeye iþlendi.
STEP-in tamamlandý.Yüzeyler baþarýyla bir katý gövdeye iþlendi.
STEP-in tamamlandý.Yüzeyler baþarýyla bir katý gövdeye iþlendi.
STEP-in tamamlandý.Yüzeyler baþarýyla bir katý gövdeye iþlendi.
STEP-in tamamlandý.Yüzeyler baþarýyla bir katý gövdeye iþlendi.
STEP-in tamamlandý.Yüzeyler baþarýyla bir katý gövdeye iþlendi.
STEP-in tamamlandý.Yüzeyler baþarýyla bir katý gövdeye iþlendi.
STEP-in tamamlandý.Yüzeyler baþarýyla bir katý gövdeye iþlendi.
STEP-in tamamlandý.Yüzeyler baþarýyla bir katý gövdeye iþlendi.
STEP-in tamamlandý.Yüzeyler baþarýyla bir katý gövdeye iþlendi.
STEP-in tamamlandý.Yüzeyler baþarýyla bir katý gövdeye iþlendi.
STEP-in tamamlandý.Yüzeyler baþarýyla bir katý gövdeye iþlendi.
STEP-in tamamlandý.Yüzeyler baþarýyla bir katý gövdeye iþlendi.
STEP-in tamamlandý.Yüzeyler baþarýyla bir katý gövdeye iþlendi.
STEP-in tamamlandý.Yüzeyler baþarýyla bir katý gövdeye iþlendi.
STEP-in tamamlandý.Yüzeyler baþarýyla bir katý gövdeye iþlendi.
STEP-in tamamlandý.Yüzeyler baþarýyla bir katý gövdeye iþlendi.
STEP-in tamamlandý.Yüzeyler baþarýyla bir katý gövdeye iþlendi.
STEP-in tamamlandý.Yüzeyler baþarýyla bir katý gövdeye iþlendi.
STEP-in tamamlandý.Yüzeyler baþarýyla bir katý gövdeye iþlendi.
STEP-in tamamlandý.Yüzeyler baþarýyla bir katý gövdeye iþlendi.
STEP-in tamamlandý.Yüzeyler baþarýyla bir katý gövdeye iþlendi.
STEP-in tamamlandý.Yüzeyler baþarýyla bir katý gövdeye iþlendi.
STEP-in tamamlandý.Yüzeyler baþarýyla bir katý gövdeye iþlendi.
STEP-in tamamlandý.Yüzeyler baþarýyla bir katý gövdeye iþlendi.
STEP-in tamamlandý.Yüzeyler baþarýyla bir katý gövdeye iþlendi.
STEP-in tamamlandý.Yüzeyler baþarýyla bir katý gövdeye iþlendi.
STEP-in tamamlandý.Yüzeyler baþarýyla bir katý gövdeye iþlendi.
STEP-in tamamlandý.Yüzeyler baþarýyla bir katý gövdeye iþlendi.
STEP-in tamamlandý.Yüzeyler baþarýyla bir katý gövdeye iþlendi.
STEP-in tamamlandý.Yüzeyler baþarýyla bir katý gövdeye iþlendi.
STEP-in tamamlandý.Yüzeyler baþarýyla bir katý gövdeye iþlendi.
STEP-in tamamlandý.Yüzeyler baþarýyla bir katý gövdeye iþlendi.
STEP-in tamamlandý.Yüzeyler baþarýyla bir katý gövdeye iþlendi.
STEP-in tamamlandý.Yüzeyler baþarýyla bir katý gövdeye iþlendi.
STEP-in tamamlandý.Yüzeyler baþarýyla bir katý gövdeye iþlendi.
STEP-in tamamlandý.Yüzeyler baþarýyla bir katý gövdeye iþlendi.
STEP-in tamamlandý.Yüzeyler baþarýyla bir katý gövdeye iþlendi.
STEP-in tamamlandý.Yüzeyler baþarýyla bir katý gövdeye iþlendi.
STEP-in tamamlandý.Yüzeyler baþarýyla bir katý gövdeye iþlendi.
STEP-in tamamlandý.Yüzeyler baþarýyla bir katý gövdeye iþlendi.
STEP-in tamamlandý.Yüzeyler baþarýyla bir katý gövdeye iþlendi.
STEP-in tamamlandý.Yüzeyler baþarýyla bir katý gövdeye iþlendi.
STEP-in tamamlandý.Yüzeyler baþarýyla bir katý gövdeye iþlendi.
STEP-in tamamlandý.Yüzeyler baþarýyla bir katý gövdeye iþlendi.
STEP-in tamamlandý.Yüzeyler baþarýyla bir katý gövdeye iþlendi.
STEP-in tamamlandý.Yüzeyler baþarýyla bir katý gövdeye iþlendi.
STEP-in tamamlandý.Yüzeyler baþarýyla bir katý gövdeye iþlendi.
STEP-in tamamlandý.Yüzeyler baþarýyla bir katý gövdeye iþlendi.
STEP-in tamamlandý.Yüzeyler baþarýyla bir katý gövdeye iþlendi.
STEP-in tamamlandý.Yüzeyler baþarýyla bir katý gövdeye iþlendi.
STEP-in tamamlandý.Yüzeyler baþarýyla bir katý gövdeye iþlendi.
STEP-in tamamlandý.Yüzeyler baþarýyla bir katý gövdeye iþlendi.
STEP-in tamamlandý.Yüzeyler baþarýyla bir katý gövdeye iþlendi.
STEP-in tamamlandý.
Error: Kýrpýlmýþ yüzeylerden katý oluþturulamýyor.
STEP-in baþarýyla tamamlanmadý.
Yüzeyler baþarýyla bir katý gövdeye iþlendi.
STEP-in tamamlandý.Yüzeyler baþarýyla bir katý gövdeye iþlendi.
STEP-in tamamlandý.